<?xml version="1.0" encoding="utf-8"?><testsuites name="pytest tests"><testsuite name="pytest" errors="0" failures="0" skipped="0" tests="92" time="5.118" timestamp="2026-09-18T03:58:10.868265+00:00" hostname="localhost"><testcase classname="tests.test_claims_and_gates" name="test_missing_processing_not_confirmed" time="0.019" /><testcase classname="tests.test_claims_and_gates" name="test_qualified_visual_prediction_allowed" time="0.000" /><testcase classname="tests.test_claims_and_gates" name="test_reviewed_fact_allowed" time="0.000" /><testcase classname="tests.test_claims_and_gates" name="test_unreviewed_not_confirmed" time="0.000" /><testcase classname="tests.test_claims_and_gates" name="test_conflict_abstains" time="0.000" /><testcase classname="tests.test_claims_and_gates" name="test_unknown_retained" time="0.000" /><testcase classname="tests.test_claims_and_gates" name="test_empty_set_not_vacuous" time="0.000" /><testcase classname="tests.test_claims_and_gates" name="test_hidden_reference_not_used" time="0.000" /><testcase classname="tests.test_claims_and_gates" name="test_cross_item_rejected" time="0.000" /><testcase classname="tests.test_claims_and_gates" name="test_reference_state_rejected" time="0.000" /><testcase classname="tests.test_claims_and_gates" name="test_information_deletion_does_not_enable_recorded" time="0.000" /><testcase classname="tests.test_claims_and_gates" name="test_renderer_needs_domain_review" time="0.000" /><testcase classname="tests.test_claims_and_gates" name="test_renderer_no_arbitrary_text" time="0.000" /><testcase classname="tests.test_claims_and_gates" name="test_unknown_not_safe" time="0.000" /><testcase classname="tests.test_claims_and_gates" name="test_two_reference_axes[supported-supported-supported]" time="0.000" /><testcase classname="tests.test_claims_and_gates" name="test_two_reference_axes[supported-unknown-unverifiable]" time="0.000" /><testcase classname="tests.test_claims_and_gates" name="test_two_reference_axes[contradicted-supported-contradicted]" time="0.000" /><testcase classname="tests.test_claims_and_gates" name="test_two_reference_axes[unknown-supported-unverifiable]" time="0.000" /><testcase classname="tests.test_claims_and_gates" name="test_noninformative_separate" time="0.000" /><testcase classname="tests.test_claims_and_gates" name="test_gate_no_forgery" time="0.001" /><testcase classname="tests.test_claims_and_gates" name="test_demo_gate_no_real_approval" time="0.000" /><testcase classname="tests.test_claims_and_gates" name="test_lock_detects_changes" time="0.001" /><testcase classname="tests.test_claims_and_gates" name="test_lock_cannot_overwrite" time="0.001" /><testcase classname="tests.test_claims_and_gates" name="test_research_only_parent_blocks_product" time="0.000" /><testcase classname="tests.test_claims_and_gates" name="test_no_focal_item_binding_from_whole_meal" time="0.002" /><testcase classname="tests.test_data_integrity" name="test_groups_never_cross" time="0.005" /><testcase classname="tests.test_data_integrity" name="test_fixed_seed" time="0.005" /><testcase classname="tests.test_data_integrity" name="test_split_seed_changes" time="0.005" /><testcase classname="tests.test_data_integrity" name="test_duplicate_links_groups" time="0.003" /><testcase classname="tests.test_data_integrity" name="test_false_edge_not_approved" time="0.003" /><testcase classname="tests.test_data_integrity" name="test_true_edge_approved" time="0.003" /><testcase classname="tests.test_data_integrity" name="test_generic_domain_not_group_edge" time="0.003" /><testcase classname="tests.test_data_integrity" name="test_empty_identifier_not_edge" time="0.003" /><testcase classname="tests.test_data_integrity" name="test_split_overwrite_refused" time="0.014" /><testcase classname="tests.test_data_integrity" name="test_tampered_split" time="0.004" /><testcase classname="tests.test_data_integrity" name="test_fit_only_vocabulary" time="0.001" /><testcase classname="tests.test_data_integrity" name="test_no_cross_item_tuple" time="0.001" /><testcase classname="tests.test_data_integrity" name="test_annotator_fraction" time="0.003" /><testcase classname="tests.test_data_integrity" name="test_missing_method_mask" time="0.003" /><testcase classname="tests.test_data_integrity" name="test_unseen_recorded" time="0.003" /><testcase classname="tests.test_data_integrity" name="test_normalize[None-]" time="0.000" /><testcase classname="tests.test_data_integrity" name="test_normalize[ UNKNOWN -]" time="0.000" /><testcase classname="tests.test_data_integrity" name="test_normalize[none-none]" time="0.000" /><testcase classname="tests.test_data_integrity" name="test_normalize[Pan  Fried-pan fried]" time="0.000" /><testcase classname="tests.test_data_integrity" name="test_no_comma_split" time="0.000" /><testcase classname="tests.test_data_integrity" name="test_explicit_list" time="0.000" /><testcase classname="tests.test_data_integrity" name="test_zip_traversal" time="0.001" /><testcase classname="tests.test_data_integrity" name="test_zip_good" time="0.001" /><testcase classname="tests.test_data_integrity" name="test_atomic_npz" time="0.001" /><testcase classname="tests.test_data_integrity" name="test_json_nan_is_null" time="0.001" /><testcase classname="tests.test_installer" name="test_installer_preserves_existing_checkout" time="0.002" /><testcase classname="tests.test_installer" name="test_installer_rejects_hash_mismatch" time="0.001" /><testcase classname="tests.test_installer" name="test_installer_rejects_zip_slip" time="0.001" /><testcase classname="tests.test_notebook_contracts" name="test_all_notebook_imports_resolve" time="0.066" /><testcase classname="tests.test_notebook_contracts" name="test_no_saved_notebook_outputs_or_credentials" time="0.009" /><testcase classname="tests.test_notebook_contracts" name="test_principal_grid_is_sixty" time="0.007" /><testcase classname="tests.test_notebook_contracts" name="test_no_active_proxy_tiers_in_targets" time="0.000" /><testcase classname="tests.test_statistics_and_models" name="test_domain_mixture" time="0.003" /><testcase classname="tests.test_statistics_and_models" name="test_equal_groups_not_images" time="0.004" /><testcase classname="tests.test_statistics_and_models" name="test_missing_domain_not_renormalized" time="0.002" /><testcase classname="tests.test_statistics_and_models" name="test_all_abstain_undefined_risk" time="0.007" /><testcase classname="tests.test_statistics_and_models" name="test_bootstrap_paired_seed_average" time="0.328" /><testcase classname="tests.test_statistics_and_models" name="test_missing_seed_rejected" time="0.004" /><testcase classname="tests.test_statistics_and_models" name="test_different_cohort_rejected" time="0.004" /><testcase classname="tests.test_statistics_and_models" name="test_threshold_ties_not_split" time="0.000" /><testcase classname="tests.test_statistics_and_models" name="test_unachievable_coverage_reported" time="0.000" /><testcase classname="tests.test_statistics_and_models" name="test_no_eligible_claim_threshold" time="0.000" /><testcase classname="tests.test_statistics_and_models" name="test_temperature_improves_objective" time="0.001" /><testcase classname="tests.test_statistics_and_models" name="test_sigmoid_shapes" time="0.010" /><testcase classname="tests.test_statistics_and_models" name="test_soft_and_panel_brier" time="0.000" /><testcase classname="tests.test_statistics_and_models" name="test_conformal_twenty_not_impossible" time="0.000" /><testcase classname="tests.test_statistics_and_models" name="test_conformal_small_finite_rank_abstains" time="0.000" /><testcase classname="tests.test_statistics_and_models" name="test_infinite_conformal_json_roundtrip" time="0.001" /><testcase classname="tests.test_statistics_and_models" name="test_selector_serialization" time="0.001" /><testcase classname="tests.test_statistics_and_models" name="test_neural_selector_serialization" time="0.819" /><testcase classname="tests.test_statistics_and_models" name="test_oof_leak_rejected" time="0.001" /><testcase classname="tests.test_statistics_and_models" name="test_oof_earlystop_leak_rejected" time="0.001" /><testcase classname="tests.test_statistics_and_models" name="test_holm_monotonic" time="0.000" /><testcase classname="tests.test_statistics_and_models" name="test_foundation_group_intervals_and_unassessable" time="0.003" /><testcase classname="tests.test_statistics_and_models" name="test_foundation_no_answer_has_undefined_risk" time="0.002" /><testcase classname="tests.test_training_runtime" name="test_interrupted_training_resumes_exactly" time="0.054" /><testcase classname="tests.test_training_runtime" name="test_changed_run_identity_refused" time="0.005" /><testcase classname="tests.test_training_runtime" name="test_torchvision_random_weight_forward_no_download[resnet50-2048]" time="0.350" /><testcase classname="tests.test_training_runtime" name="test_torchvision_random_weight_forward_no_download[convnext_tiny-768]" time="0.499" /><testcase classname="tests.test_training_runtime" name="test_nutrition_blocks" time="0.001" /><testcase classname="tests.test_training_runtime" name="test_nutrition_explicit_count" time="0.001" /><testcase classname="tests.test_training_runtime" name="test_unknown_answer_not_invented" time="0.000" /><testcase classname="tests.test_training_runtime" name="test_vlm_bad_fields_rejected" time="0.000" /><testcase classname="tests.test_training_runtime" name="test_vlm_json_values_checked" time="0.000" /><testcase classname="tests.test_training_runtime" name="test_vlm_unknown_explicit_null" time="0.000" /><testcase classname="tests.test_training_runtime" name="test_colab_api_research_contract" time="0.249" /><testcase classname="tests.test_training_runtime" name="test_finetune_updates_encoder_parameters" time="0.022" /></testsuite></testsuites>